<?xml version="1.0" encoding="UTF-8"?>
<!-- Generated by org.testng.reporters.JUnitReportReporter -->
<testsuite hostname="LTIN300109" failures="0" tests="3" name="testcases.TC001_BookShelves" time="20.924" errors="0" timestamp="2024-03-04T17:45:12 IST" skipped="0">
  <testcase classname="testcases.TC001_BookShelves" name="select_bookshlves" time="4.691"/>
  <testcase classname="testcases.TC001_BookShelves" name="SelectFilters" time="9.936"/>
  <testcase classname="testcases.TC001_BookShelves" name="prntProductDetails" time="6.297"/>
</testsuite> <!-- testcases.TC001_BookShelves -->
