<?xml version="1.0" encoding="UTF-8"?>
<!-- Generated by org.testng.reporters.JUnitReportReporter -->
<testsuite hostname="LTIN300109" failures="0" tests="3" name="testcases.TC003_GiftCards" time="12.276" errors="0" timestamp="2024-03-04T17:45:12 IST" skipped="0">
  <testcase classname="testcases.TC003_GiftCards" name="ChooseBirthdayGiftCard" time="4.166"/>
  <testcase classname="testcases.TC003_GiftCards" name="NegativeTestCase" time="3.929"/>
  <testcase classname="testcases.TC003_GiftCards" name="PositiveTestCase" time="4.181"/>
</testsuite> <!-- testcases.TC003_GiftCards -->
