<?xml version="1.0" encoding="UTF-8"?>
<!-- Generated by org.testng.reporters.JUnitReportReporter -->
<testsuite hostname="LTIN300109" failures="0" tests="2" name="testcases.TC002_Living_Submenu" time="3.962" errors="0" timestamp="2024-03-04T17:45:12 IST" skipped="0">
  <testcase classname="testcases.TC002_Living_Submenu" name="viewLiving" time="3.153"/>
  <testcase classname="testcases.TC002_Living_Submenu" name="prntSubmenu" time="0.809"/>
</testsuite> <!-- testcases.TC002_Living_Submenu -->
